2023-11-30 12:55:46,080 [INFO] 
Limited Total Variation Regularization Support Detected! 
---> CVXPY is not installed. 
---> Many Total Variation Methods require CVXPY including: 
---> velocity, acceleration, jerk, jerk_sliding, smooth_acceleration
---> Please install CVXPY to use these methods.
---> Recommended to also install MOSEK and obtain a MOSEK license.
You can still use: total_variation_regularization.iterative_velocity

2023-11-30 12:55:46,091 [INFO] 
Limited Linear Model Support Detected! 
---> PYCHEBFUN is not installed. 
---> Install pychebfun to use chebfun derivatives (https://github.com/pychebfun/pychebfun/) 
You can still use other methods 

2023-11-30 12:55:46,091 [INFO] 
Limited Linear Model Support Detected! 
---> CVXPY is not installed. 
---> Install CVXPY to use lineardiff derivatives 
You can still use other methods 

2023-11-30 18:12:25,371 [INFO] Using categorical units to plot a list of strings that are all parsable as floats or dates. If these strings should be plotted as numbers, cast to the appropriate data type before plotting.
2023-11-30 18:12:25,372 [INFO] Using categorical units to plot a list of strings that are all parsable as floats or dates. If these strings should be plotted as numbers, cast to the appropriate data type before plotting.
2023-11-30 23:26:38,356 [WARNING] The input vector was not mean subtracted; this may lead to incorrect results
2023-11-30 23:26:38,472 [WARNING] Region from 3574 to 3646 is surrounded by rise or fall; probably a rise or fall was missed
2023-11-30 23:26:38,473 [WARNING] Region from 3660 to 3804 is surrounded by rise or fall; probably a rise or fall was missed
2023-11-30 23:26:38,474 [WARNING] Region from 3815 to 3899 is surrounded by rise or fall; probably a rise or fall was missed
2023-11-30 23:26:38,477 [WARNING] Region from 4138 to 4161 is surrounded by rise or fall; probably a rise or fall was missed
2023-11-30 23:26:38,479 [WARNING] Region from 4364 to 4456 is surrounded by rise or fall; probably a rise or fall was missed
2023-11-30 23:26:38,481 [WARNING] Region from 4465 to 4471 is surrounded by rise or fall; probably a rise or fall was missed
2023-11-30 23:26:38,483 [WARNING] Region from 4487 to 4491 is surrounded by rise or fall; probably a rise or fall was missed
2023-11-30 23:26:38,486 [WARNING] Region from 5052 to 5061 is surrounded by rise or fall; probably a rise or fall was missed
2023-11-30 23:26:38,487 [WARNING] Region from 5077 to 5186 is surrounded by rise or fall; probably a rise or fall was missed
2023-11-30 23:26:38,488 [WARNING] Region from 5205 to 5213 is surrounded by rise or fall; probably a rise or fall was missed
2023-11-30 23:26:38,489 [WARNING] Region from 5234 to 5238 is surrounded by rise or fall; probably a rise or fall was missed
2023-11-30 23:26:38,491 [WARNING] Region from 5249 to 5380 is surrounded by rise or fall; probably a rise or fall was missed
2023-11-30 23:26:38,492 [WARNING] Region from 5387 to 5403 is surrounded by rise or fall; probably a rise or fall was missed
2023-11-30 23:26:38,494 [WARNING] Region from 5436 to 5963 is surrounded by rise or fall; probably a rise or fall was missed
2023-11-30 23:26:38,497 [WARNING] Region from 6349 to 6370 is surrounded by rise or fall; probably a rise or fall was missed
2023-11-30 23:26:38,500 [WARNING] Region from 6911 to 7059 is surrounded by rise or fall; probably a rise or fall was missed
2023-11-30 23:26:38,501 [WARNING] Region from 7065 to 7082 is surrounded by rise or fall; probably a rise or fall was missed
2023-11-30 23:26:38,502 [WARNING] Region from 7159 to 7171 is surrounded by rise or fall; probably a rise or fall was missed
2023-11-30 23:26:38,504 [WARNING] Region from 7524 to 7533 is surrounded by rise or fall; probably a rise or fall was missed
2023-11-30 23:26:38,505 [WARNING] Region from 7543 to 7616 is surrounded by rise or fall; probably a rise or fall was missed
2023-11-30 23:26:38,506 [WARNING] Region from 7623 to 7661 is surrounded by rise or fall; probably a rise or fall was missed
2023-11-30 23:26:38,508 [WARNING] Region from 7669 to 7673 is surrounded by rise or fall; probably a rise or fall was missed
2023-11-30 23:26:38,510 [WARNING] Region from 7916 to 7927 is surrounded by rise or fall; probably a rise or fall was missed
2023-11-30 23:26:38,511 [WARNING] Region from 7955 to 7971 is surrounded by rise or fall; probably a rise or fall was missed
2023-11-30 23:26:38,513 [WARNING] Region from 8042 to 8053 is surrounded by rise or fall; probably a rise or fall was missed
2023-11-30 23:26:38,515 [WARNING] Region from 8183 to 8258 is surrounded by rise or fall; probably a rise or fall was missed
2023-11-30 23:26:38,516 [WARNING] Region from 8267 to 8279 is surrounded by rise or fall; probably a rise or fall was missed
2023-11-30 23:26:38,517 [WARNING] Region from 8325 to 8400 is surrounded by rise or fall; probably a rise or fall was missed
2023-11-30 23:26:38,520 [WARNING] Region from 9098 to 9104 is surrounded by rise or fall; probably a rise or fall was missed
2023-11-30 23:26:38,522 [WARNING] Region from 9190 to 9275 is surrounded by rise or fall; probably a rise or fall was missed
2023-11-30 23:26:38,523 [WARNING] Region from 9285 to 9313 is surrounded by rise or fall; probably a rise or fall was missed
2023-11-30 23:26:38,524 [WARNING] Region from 9543 to 9559 is surrounded by rise or fall; probably a rise or fall was missed
2023-11-30 23:26:38,525 [WARNING] Region from 9569 to 9786 is surrounded by rise or fall; probably a rise or fall was missed
2023-11-30 23:26:38,526 [WARNING] Region from 9826 to 9845 is surrounded by rise or fall; probably a rise or fall was missed
2023-11-30 23:26:38,527 [WARNING] Region from 9921 to 10033 is surrounded by rise or fall; probably a rise or fall was missed
2023-11-30 23:26:38,528 [WARNING] Region from 10061 to 10071 is surrounded by rise or fall; probably a rise or fall was missed
2023-11-30 23:26:38,529 [WARNING] Region from 10106 to 10154 is surrounded by rise or fall; probably a rise or fall was missed
2023-11-30 23:26:38,530 [WARNING] Region from 10167 to 10419 is surrounded by rise or fall; probably a rise or fall was missed
2023-11-30 23:26:38,532 [WARNING] Region from 11452 to 11530 is surrounded by rise or fall; probably a rise or fall was missed
2023-11-30 23:26:38,533 [WARNING] Region from 11932 to 12012 is surrounded by rise or fall; probably a rise or fall was missed
2023-11-30 23:26:38,534 [WARNING] Region from 12127 to 12370 is surrounded by rise or fall; probably a rise or fall was missed
2023-11-30 23:26:38,539 [WARNING] Region from 14241 to 14286 is surrounded by rise or fall; probably a rise or fall was missed
2023-11-30 23:26:38,540 [WARNING] Region from 14315 to 14353 is surrounded by rise or fall; probably a rise or fall was missed
2023-11-30 23:26:38,541 [WARNING] Region from 14364 to 14389 is surrounded by rise or fall; probably a rise or fall was missed
2023-11-30 23:26:38,543 [WARNING] Region from 14399 to 14540 is surrounded by rise or fall; probably a rise or fall was missed
2023-11-30 23:26:38,544 [WARNING] Region from 15021 to 15873 is surrounded by rise or fall; probably a rise or fall was missed
2023-11-30 23:26:38,546 [WARNING] Region from 15882 to 15959 is surrounded by rise or fall; probably a rise or fall was missed
2023-11-30 23:26:38,546 [WARNING] Region from 15965 to 16013 is surrounded by rise or fall; probably a rise or fall was missed
2023-11-30 23:26:38,548 [WARNING] Region from 16066 to 16216 is surrounded by rise or fall; probably a rise or fall was missed
2023-11-30 23:26:38,548 [WARNING] Region from 16223 to 16432 is surrounded by rise or fall; probably a rise or fall was missed
2023-11-30 23:26:38,552 [WARNING] Region from 21166 to 22089 is surrounded by rise or fall; probably a rise or fall was missed
2023-11-30 23:26:38,554 [WARNING] Region from 22187 to 22628 is surrounded by rise or fall; probably a rise or fall was missed
2023-11-30 23:26:38,556 [WARNING] Region from 23188 to 23291 is surrounded by rise or fall; probably a rise or fall was missed
2023-11-30 23:26:38,558 [WARNING] Region from 23712 to 24334 is surrounded by rise or fall; probably a rise or fall was missed
2023-11-30 23:26:38,559 [WARNING] Region from 26631 to 27545 is surrounded by rise or fall; probably a rise or fall was missed
2023-11-30 23:26:38,561 [WARNING] Region from 27960 to 28216 is surrounded by rise or fall; probably a rise or fall was missed
2023-11-30 23:26:38,563 [WARNING] Region from 28417 to 28429 is surrounded by rise or fall; probably a rise or fall was missed
2023-11-30 23:26:38,565 [WARNING] Region from 28464 to 28498 is surrounded by rise or fall; probably a rise or fall was missed
2023-11-30 23:26:38,567 [WARNING] Region from 28671 to 28716 is surrounded by rise or fall; probably a rise or fall was missed
2023-11-30 23:26:38,568 [WARNING] Region from 28729 to 28976 is surrounded by rise or fall; probably a rise or fall was missed
2023-11-30 23:26:38,570 [WARNING] Region from 28987 to 29253 is surrounded by rise or fall; probably a rise or fall was missed
2023-11-30 23:26:38,572 [WARNING] Region from 29333 to 29355 is surrounded by rise or fall; probably a rise or fall was missed
2023-11-30 23:26:38,574 [WARNING] Region from 29953 to 30025 is surrounded by rise or fall; probably a rise or fall was missed
2023-11-30 23:26:38,577 [WARNING] Region from 30065 to 30264 is surrounded by rise or fall; probably a rise or fall was missed
2023-11-30 23:26:38,578 [WARNING] Region from 30274 to 30526 is surrounded by rise or fall; probably a rise or fall was missed
2023-11-30 23:26:38,578 [WARNING] Region from 30537 to 30638 is surrounded by rise or fall; probably a rise or fall was missed
2023-11-30 23:26:38,580 [WARNING] Region from 30723 to 31615 is surrounded by rise or fall; probably a rise or fall was missed
2023-11-30 23:26:38,583 [WARNING] Region from 36174 to 36535 is surrounded by rise or fall; probably a rise or fall was missed
2023-11-30 23:26:38,584 [WARNING] Region from 36560 to 36575 is surrounded by rise or fall; probably a rise or fall was missed
2023-11-30 23:26:38,588 [WARNING] Region from 38045 to 38053 is surrounded by rise or fall; probably a rise or fall was missed
2023-11-30 23:26:38,590 [WARNING] Region from 38071 to 38849 is surrounded by rise or fall; probably a rise or fall was missed
2023-11-30 23:26:38,591 [WARNING] Region from 38863 to 39168 is surrounded by rise or fall; probably a rise or fall was missed
2023-11-30 23:26:38,593 [WARNING] Region from 39231 to 39304 is surrounded by rise or fall; probably a rise or fall was missed
2023-11-30 23:26:38,594 [WARNING] Region from 39314 to 39483 is surrounded by rise or fall; probably a rise or fall was missed
2023-11-30 23:26:38,597 [WARNING] Region from 41452 to 41480 is surrounded by rise or fall; probably a rise or fall was missed
2023-11-30 23:26:38,603 [WARNING] Region from 42606 to 42733 is surrounded by rise or fall; probably a rise or fall was missed
2023-11-30 23:26:38,605 [WARNING] Region from 42770 to 42849 is surrounded by rise or fall; probably a rise or fall was missed
2023-11-30 23:26:38,612 [WARNING] Region from 45538 to 45814 is surrounded by rise or fall; probably a rise or fall was missed
2023-11-30 23:26:38,618 [WARNING] Region from 49299 to 49335 is surrounded by rise or fall; probably a rise or fall was missed
2023-11-30 23:26:38,623 [WARNING] Region from 50033 to 50132 is surrounded by rise or fall; probably a rise or fall was missed
2023-11-30 23:26:38,625 [WARNING] Region from 50147 to 50239 is surrounded by rise or fall; probably a rise or fall was missed
2023-11-30 23:26:38,629 [WARNING] Region from 50805 to 50826 is surrounded by rise or fall; probably a rise or fall was missed
2023-11-30 23:26:38,631 [WARNING] Region from 50908 to 51268 is surrounded by rise or fall; probably a rise or fall was missed
2023-11-30 23:26:38,634 [WARNING] Region from 51276 to 51713 is surrounded by rise or fall; probably a rise or fall was missed
2023-11-30 23:26:38,637 [WARNING] Region from 51723 to 51810 is surrounded by rise or fall; probably a rise or fall was missed
2023-11-30 23:26:38,640 [WARNING] Region from 51973 to 51978 is surrounded by rise or fall; probably a rise or fall was missed
2023-11-30 23:26:38,642 [WARNING] Region from 51993 to 52033 is surrounded by rise or fall; probably a rise or fall was missed
2023-11-30 23:26:38,648 [WARNING] Region from 53461 to 53462 is surrounded by rise or fall; probably a rise or fall was missed
2023-11-30 23:26:38,650 [WARNING] Region from 53489 to 54335 is surrounded by rise or fall; probably a rise or fall was missed
2023-11-30 23:26:38,653 [WARNING] Region from 54511 to 54530 is surrounded by rise or fall; probably a rise or fall was missed
2023-11-30 23:26:38,655 [WARNING] Region from 54694 to 54702 is surrounded by rise or fall; probably a rise or fall was missed
2023-11-30 23:26:38,659 [WARNING] Region from 56195 to 56293 is surrounded by rise or fall; probably a rise or fall was missed
2023-11-30 23:26:38,661 [WARNING] Region from 56516 to 56523 is surrounded by rise or fall; probably a rise or fall was missed
2023-11-30 23:26:38,662 [WARNING] Region from 56876 to 56993 is surrounded by rise or fall; probably a rise or fall was missed
2023-11-30 23:26:38,663 [WARNING] Region from 57162 to 57185 is surrounded by rise or fall; probably a rise or fall was missed
2023-11-30 23:26:38,665 [WARNING] Region from 57886 to 57973 is surrounded by rise or fall; probably a rise or fall was missed
2023-11-30 23:26:38,667 [WARNING] Region from 58222 to 58310 is surrounded by rise or fall; probably a rise or fall was missed
2023-11-30 23:26:38,669 [WARNING] Region from 58986 to 58993 is surrounded by rise or fall; probably a rise or fall was missed
2023-11-30 23:26:38,672 [WARNING] Region from 59029 to 59188 is surrounded by rise or fall; probably a rise or fall was missed
2023-11-30 23:26:38,675 [WARNING] Region from 60448 to 61520 is surrounded by rise or fall; probably a rise or fall was missed
2023-11-30 23:26:38,677 [WARNING] Region from 61998 to 62187 is surrounded by rise or fall; probably a rise or fall was missed
2023-11-30 23:26:38,679 [WARNING] Region from 62754 to 62967 is surrounded by rise or fall; probably a rise or fall was missed
2023-11-30 23:26:38,681 [WARNING] Region from 63762 to 63783 is surrounded by rise or fall; probably a rise or fall was missed
2023-11-30 23:26:38,683 [WARNING] Region from 64000 to 64166 is surrounded by rise or fall; probably a rise or fall was missed
2023-11-30 23:26:38,688 [WARNING] Region from 66538 to 66596 is surrounded by rise or fall; probably a rise or fall was missed
2023-11-30 23:26:38,690 [WARNING] Region from 66730 to 66741 is surrounded by rise or fall; probably a rise or fall was missed
2023-11-30 23:26:38,692 [WARNING] Region from 68374 to 68648 is surrounded by rise or fall; probably a rise or fall was missed
2023-11-30 23:26:38,694 [WARNING] Region from 69036 to 69170 is surrounded by rise or fall; probably a rise or fall was missed
2023-11-30 23:26:38,695 [WARNING] Region from 69181 to 69318 is surrounded by rise or fall; probably a rise or fall was missed
2023-11-30 23:26:38,696 [WARNING] Region from 69385 to 69489 is surrounded by rise or fall; probably a rise or fall was missed
2023-11-30 23:26:38,698 [WARNING] Region from 70479 to 70774 is surrounded by rise or fall; probably a rise or fall was missed
2023-11-30 23:26:38,700 [WARNING] Region from 71223 to 71267 is surrounded by rise or fall; probably a rise or fall was missed
2023-11-30 23:26:38,702 [WARNING] Region from 71590 to 72001 is surrounded by rise or fall; probably a rise or fall was missed
2023-11-30 23:26:38,703 [WARNING] Region from 72023 to 72377 is surrounded by rise or fall; probably a rise or fall was missed
2023-11-30 23:26:38,703 [WARNING] Region from 72386 to 72808 is surrounded by rise or fall; probably a rise or fall was missed
2023-11-30 23:26:38,704 [WARNING] Region from 72820 to 73314 is surrounded by rise or fall; probably a rise or fall was missed
2023-11-30 23:26:38,706 [WARNING] Region from 74570 to 74576 is surrounded by rise or fall; probably a rise or fall was missed
2023-11-30 23:26:38,707 [WARNING] Region from 74586 to 74832 is surrounded by rise or fall; probably a rise or fall was missed
2023-11-30 23:26:38,708 [WARNING] Region from 75327 to 75361 is surrounded by rise or fall; probably a rise or fall was missed
2023-11-30 23:26:38,709 [WARNING] Region from 75374 to 75418 is surrounded by rise or fall; probably a rise or fall was missed
2023-11-30 23:26:38,710 [WARNING] Region from 75473 to 75712 is surrounded by rise or fall; probably a rise or fall was missed
2023-11-30 23:26:38,712 [WARNING] Region from 75745 to 76118 is surrounded by rise or fall; probably a rise or fall was missed
2023-11-30 23:26:38,714 [WARNING] Region from 76533 to 76735 is surrounded by rise or fall; probably a rise or fall was missed
2023-11-30 23:26:38,717 [WARNING] Region from 78481 to 78661 is surrounded by rise or fall; probably a rise or fall was missed
2023-11-30 23:26:38,718 [WARNING] Region from 78675 to 78913 is surrounded by rise or fall; probably a rise or fall was missed
2023-11-30 23:26:38,720 [WARNING] Region from 78919 to 79236 is surrounded by rise or fall; probably a rise or fall was missed
2023-11-30 23:26:38,722 [WARNING] Region from 79549 to 80205 is surrounded by rise or fall; probably a rise or fall was missed
2023-11-30 23:26:38,723 [WARNING] Region from 80224 to 80548 is surrounded by rise or fall; probably a rise or fall was missed
2023-11-30 23:26:38,725 [WARNING] Region from 80797 to 80799 is surrounded by rise or fall; probably a rise or fall was missed
2023-11-30 23:26:38,726 [WARNING] Region from 81949 to 83525 is surrounded by rise or fall; probably a rise or fall was missed
2023-11-30 23:26:38,727 [WARNING] Region from 83552 to 84319 is surrounded by rise or fall; probably a rise or fall was missed
2023-11-30 23:26:38,728 [WARNING] Region from 84332 to 84700 is surrounded by rise or fall; probably a rise or fall was missed
2023-11-30 23:26:38,730 [WARNING] Region from 85305 to 85741 is surrounded by rise or fall; probably a rise or fall was missed
2023-11-30 23:26:38,731 [WARNING] Region from 86874 to 87814 is surrounded by rise or fall; probably a rise or fall was missed
2023-11-30 23:26:38,766 [WARNING] The input vector was not mean subtracted; this may lead to incorrect results
2023-11-30 23:26:38,946 [WARNING] Region from 833 to 863 is surrounded by rise or fall; probably a rise or fall was missed
2023-11-30 23:26:38,950 [WARNING] Region from 1831 to 2254 is surrounded by rise or fall; probably a rise or fall was missed
2023-11-30 23:26:38,953 [WARNING] Region from 2495 to 3618 is surrounded by rise or fall; probably a rise or fall was missed
2023-11-30 23:26:38,954 [WARNING] Region from 3882 to 4079 is surrounded by rise or fall; probably a rise or fall was missed
2023-11-30 23:26:38,956 [WARNING] Region from 4094 to 4208 is surrounded by rise or fall; probably a rise or fall was missed
2023-11-30 23:26:38,959 [WARNING] Region from 4335 to 4522 is surrounded by rise or fall; probably a rise or fall was missed
2023-11-30 23:26:38,961 [WARNING] Region from 4529 to 4666 is surrounded by rise or fall; probably a rise or fall was missed
2023-11-30 23:26:38,962 [WARNING] Region from 4672 to 4754 is surrounded by rise or fall; probably a rise or fall was missed
2023-11-30 23:26:38,964 [WARNING] Region from 4793 to 4818 is surrounded by rise or fall; probably a rise or fall was missed
2023-11-30 23:26:38,965 [WARNING] Region from 4849 to 4928 is surrounded by rise or fall; probably a rise or fall was missed
2023-11-30 23:26:38,966 [WARNING] Region from 4938 to 5021 is surrounded by rise or fall; probably a rise or fall was missed
2023-11-30 23:26:38,968 [WARNING] Region from 5032 to 5147 is surrounded by rise or fall; probably a rise or fall was missed
2023-11-30 23:26:38,969 [WARNING] Region from 5156 to 5284 is surrounded by rise or fall; probably a rise or fall was missed
2023-11-30 23:26:38,970 [WARNING] Region from 5295 to 5348 is surrounded by rise or fall; probably a rise or fall was missed
2023-11-30 23:26:38,972 [WARNING] Region from 5564 to 5596 is surrounded by rise or fall; probably a rise or fall was missed
2023-11-30 23:26:38,973 [WARNING] Region from 5604 to 5620 is surrounded by rise or fall; probably a rise or fall was missed
2023-11-30 23:26:38,975 [WARNING] Region from 6221 to 6239 is surrounded by rise or fall; probably a rise or fall was missed
2023-11-30 23:26:38,977 [WARNING] Region from 6422 to 6430 is surrounded by rise or fall; probably a rise or fall was missed
2023-11-30 23:26:38,979 [WARNING] Region from 6481 to 6491 is surrounded by rise or fall; probably a rise or fall was missed
2023-11-30 23:26:38,979 [WARNING] Region from 6516 to 6620 is surrounded by rise or fall; probably a rise or fall was missed
2023-11-30 23:26:38,980 [WARNING] Region from 6630 to 6791 is surrounded by rise or fall; probably a rise or fall was missed
2023-11-30 23:26:38,982 [WARNING] Region from 6799 to 6861 is surrounded by rise or fall; probably a rise or fall was missed
2023-11-30 23:26:38,983 [WARNING] Region from 6870 to 6944 is surrounded by rise or fall; probably a rise or fall was missed
2023-11-30 23:26:38,985 [WARNING] Region from 7489 to 7551 is surrounded by rise or fall; probably a rise or fall was missed
2023-11-30 23:26:38,987 [WARNING] Region from 8002 to 8094 is surrounded by rise or fall; probably a rise or fall was missed
2023-11-30 23:26:38,989 [WARNING] Region from 8350 to 8364 is surrounded by rise or fall; probably a rise or fall was missed
2023-11-30 23:26:38,991 [WARNING] Region from 8376 to 8469 is surrounded by rise or fall; probably a rise or fall was missed
2023-11-30 23:26:38,992 [WARNING] Region from 8499 to 8503 is surrounded by rise or fall; probably a rise or fall was missed
2023-11-30 23:26:38,994 [WARNING] Region from 8637 to 8663 is surrounded by rise or fall; probably a rise or fall was missed
2023-11-30 23:26:38,998 [WARNING] Region from 9198 to 9229 is surrounded by rise or fall; probably a rise or fall was missed
2023-11-30 23:26:39,000 [WARNING] Region from 9243 to 9332 is surrounded by rise or fall; probably a rise or fall was missed
2023-11-30 23:26:39,001 [WARNING] Region from 9398 to 9403 is surrounded by rise or fall; probably a rise or fall was missed
2023-11-30 23:26:39,003 [WARNING] Region from 9871 to 9873 is surrounded by rise or fall; probably a rise or fall was missed
2023-11-30 23:26:39,005 [WARNING] Region from 9958 to 9967 is surrounded by rise or fall; probably a rise or fall was missed
2023-11-30 23:26:39,006 [WARNING] Region from 9995 to 10004 is surrounded by rise or fall; probably a rise or fall was missed
2023-11-30 23:26:39,008 [WARNING] Region from 10357 to 10363 is surrounded by rise or fall; probably a rise or fall was missed
2023-11-30 23:26:39,009 [WARNING] Region from 10371 to 10385 is surrounded by rise or fall; probably a rise or fall was missed
2023-11-30 23:26:39,012 [WARNING] Region from 11635 to 11922 is surrounded by rise or fall; probably a rise or fall was missed
2023-11-30 23:26:39,013 [WARNING] Region from 11931 to 12013 is surrounded by rise or fall; probably a rise or fall was missed
2023-11-30 23:26:39,014 [WARNING] Region from 12020 to 12120 is surrounded by rise or fall; probably a rise or fall was missed
2023-11-30 23:26:39,016 [WARNING] Region from 12865 to 12949 is surrounded by rise or fall; probably a rise or fall was missed
2023-11-30 23:26:39,017 [WARNING] Region from 13037 to 13236 is surrounded by rise or fall; probably a rise or fall was missed
2023-11-30 23:26:39,019 [WARNING] Region from 14174 to 14200 is surrounded by rise or fall; probably a rise or fall was missed
2023-11-30 23:26:39,021 [WARNING] Region from 14213 to 14331 is surrounded by rise or fall; probably a rise or fall was missed
2023-11-30 23:26:39,023 [WARNING] Region from 14520 to 14552 is surrounded by rise or fall; probably a rise or fall was missed
2023-11-30 23:26:39,023 [WARNING] Region from 14564 to 14631 is surrounded by rise or fall; probably a rise or fall was missed
2023-11-30 23:26:39,025 [WARNING] Region from 14686 to 14700 is surrounded by rise or fall; probably a rise or fall was missed
2023-11-30 23:26:39,026 [WARNING] Region from 14723 to 14735 is surrounded by rise or fall; probably a rise or fall was missed
2023-11-30 23:26:39,027 [WARNING] Region from 14799 to 14850 is surrounded by rise or fall; probably a rise or fall was missed
2023-11-30 23:26:39,028 [WARNING] Region from 14904 to 14918 is surrounded by rise or fall; probably a rise or fall was missed
2023-11-30 23:26:39,029 [WARNING] Region from 14946 to 14992 is surrounded by rise or fall; probably a rise or fall was missed
2023-11-30 23:26:39,030 [WARNING] Region from 15068 to 15077 is surrounded by rise or fall; probably a rise or fall was missed
2023-11-30 23:26:39,033 [WARNING] Region from 15741 to 15757 is surrounded by rise or fall; probably a rise or fall was missed
2023-11-30 23:26:39,035 [WARNING] Region from 15827 to 15832 is surrounded by rise or fall; probably a rise or fall was missed
2023-11-30 23:26:39,036 [WARNING] Region from 15842 to 15858 is surrounded by rise or fall; probably a rise or fall was missed
2023-11-30 23:26:39,038 [WARNING] Region from 15948 to 15997 is surrounded by rise or fall; probably a rise or fall was missed
2023-11-30 23:26:39,040 [WARNING] Region from 16182 to 16269 is surrounded by rise or fall; probably a rise or fall was missed
2023-11-30 23:26:39,041 [WARNING] Region from 16277 to 16294 is surrounded by rise or fall; probably a rise or fall was missed
2023-11-30 23:26:39,042 [WARNING] Region from 17035 to 17078 is surrounded by rise or fall; probably a rise or fall was missed
2023-11-30 23:26:39,045 [WARNING] Region from 17141 to 17157 is surrounded by rise or fall; probably a rise or fall was missed
2023-11-30 23:26:39,048 [WARNING] Region from 17167 to 17416 is surrounded by rise or fall; probably a rise or fall was missed
2023-11-30 23:26:39,054 [WARNING] Region from 18470 to 18712 is surrounded by rise or fall; probably a rise or fall was missed
2023-11-30 23:26:39,059 [WARNING] Region from 18893 to 19017 is surrounded by rise or fall; probably a rise or fall was missed
2023-11-30 23:26:39,066 [WARNING] Region from 21451 to 21472 is surrounded by rise or fall; probably a rise or fall was missed
2023-11-30 23:26:39,071 [WARNING] Region from 21552 to 21619 is surrounded by rise or fall; probably a rise or fall was missed
2023-11-30 23:26:39,072 [WARNING] Region from 21625 to 21643 is surrounded by rise or fall; probably a rise or fall was missed
2023-11-30 23:26:39,077 [WARNING] Region from 22078 to 22147 is surrounded by rise or fall; probably a rise or fall was missed
2023-11-30 23:26:39,079 [WARNING] Region from 22510 to 22572 is surrounded by rise or fall; probably a rise or fall was missed
2023-11-30 23:26:39,082 [WARNING] Region from 22706 to 22769 is surrounded by rise or fall; probably a rise or fall was missed
2023-11-30 23:26:39,085 [WARNING] Region from 22778 to 22836 is surrounded by rise or fall; probably a rise or fall was missed
2023-11-30 23:26:39,087 [WARNING] Region from 22845 to 22912 is surrounded by rise or fall; probably a rise or fall was missed
2023-11-30 23:26:39,089 [WARNING] Region from 22923 to 23222 is surrounded by rise or fall; probably a rise or fall was missed
2023-11-30 23:26:39,092 [WARNING] Region from 23289 to 23291 is surrounded by rise or fall; probably a rise or fall was missed
2023-11-30 23:26:39,094 [WARNING] Region from 23495 to 23610 is surrounded by rise or fall; probably a rise or fall was missed
2023-11-30 23:26:39,096 [WARNING] Region from 24170 to 25650 is surrounded by rise or fall; probably a rise or fall was missed
2023-11-30 23:26:39,100 [WARNING] Region from 25889 to 26054 is surrounded by rise or fall; probably a rise or fall was missed
2023-11-30 23:26:39,108 [WARNING] Region from 26341 to 26439 is surrounded by rise or fall; probably a rise or fall was missed
2023-11-30 23:26:39,109 [WARNING] Region from 26461 to 26472 is surrounded by rise or fall; probably a rise or fall was missed
2023-11-30 23:26:39,110 [WARNING] Region from 26534 to 26760 is surrounded by rise or fall; probably a rise or fall was missed
2023-11-30 23:26:39,111 [WARNING] Region from 26769 to 26868 is surrounded by rise or fall; probably a rise or fall was missed
2023-11-30 23:26:39,112 [WARNING] Region from 26876 to 27409 is surrounded by rise or fall; probably a rise or fall was missed
2023-11-30 23:26:39,114 [WARNING] Region from 27449 to 27464 is surrounded by rise or fall; probably a rise or fall was missed
2023-11-30 23:26:39,123 [WARNING] Region from 28616 to 28630 is surrounded by rise or fall; probably a rise or fall was missed
2023-11-30 23:26:39,125 [WARNING] Region from 28845 to 28850 is surrounded by rise or fall; probably a rise or fall was missed
2023-11-30 23:26:39,126 [WARNING] Region from 28934 to 28977 is surrounded by rise or fall; probably a rise or fall was missed
2023-11-30 23:26:39,127 [WARNING] Region from 29001 to 29028 is surrounded by rise or fall; probably a rise or fall was missed
2023-11-30 23:26:39,130 [WARNING] Region from 29171 to 29244 is surrounded by rise or fall; probably a rise or fall was missed
2023-11-30 23:26:39,131 [WARNING] Region from 29395 to 29417 is surrounded by rise or fall; probably a rise or fall was missed
2023-11-30 23:26:39,134 [WARNING] Region from 29429 to 29542 is surrounded by rise or fall; probably a rise or fall was missed
2023-11-30 23:26:39,135 [WARNING] Region from 29548 to 29567 is surrounded by rise or fall; probably a rise or fall was missed
2023-11-30 23:26:39,138 [WARNING] Region from 30911 to 30926 is surrounded by rise or fall; probably a rise or fall was missed
2023-11-30 23:26:39,140 [WARNING] Region from 30985 to 31016 is surrounded by rise or fall; probably a rise or fall was missed
2023-11-30 23:26:39,142 [WARNING] Region from 31025 to 31037 is surrounded by rise or fall; probably a rise or fall was missed
2023-11-30 23:26:39,145 [WARNING] Region from 31695 to 31711 is surrounded by rise or fall; probably a rise or fall was missed
2023-11-30 23:26:39,145 [WARNING] Region from 31722 to 31726 is surrounded by rise or fall; probably a rise or fall was missed
2023-11-30 23:26:39,147 [WARNING] Region from 32194 to 32694 is surrounded by rise or fall; probably a rise or fall was missed
2023-11-30 23:26:39,150 [WARNING] Region from 33383 to 33389 is surrounded by rise or fall; probably a rise or fall was missed
2023-11-30 23:26:39,153 [WARNING] Region from 33737 to 33888 is surrounded by rise or fall; probably a rise or fall was missed
2023-11-30 23:26:39,156 [WARNING] Region from 35908 to 35912 is surrounded by rise or fall; probably a rise or fall was missed
2023-11-30 23:26:39,160 [WARNING] Region from 38629 to 38634 is surrounded by rise or fall; probably a rise or fall was missed
2023-11-30 23:26:39,161 [WARNING] Region from 38945 to 38969 is surrounded by rise or fall; probably a rise or fall was missed
2023-11-30 23:26:39,162 [WARNING] Region from 39074 to 39075 is surrounded by rise or fall; probably a rise or fall was missed
2023-11-30 23:26:39,169 [WARNING] Region from 41232 to 41555 is surrounded by rise or fall; probably a rise or fall was missed
2023-11-30 23:26:39,174 [WARNING] Region from 43920 to 43931 is surrounded by rise or fall; probably a rise or fall was missed
2023-11-30 23:26:39,175 [WARNING] Region from 44266 to 44476 is surrounded by rise or fall; probably a rise or fall was missed
2023-11-30 23:26:39,178 [WARNING] Region from 45695 to 46796 is surrounded by rise or fall; probably a rise or fall was missed
2023-11-30 23:26:39,179 [WARNING] Region from 46921 to 46959 is surrounded by rise or fall; probably a rise or fall was missed
2023-11-30 23:26:39,184 [WARNING] Region from 49405 to 49515 is surrounded by rise or fall; probably a rise or fall was missed
2023-11-30 23:26:39,185 [WARNING] Region from 49542 to 49760 is surrounded by rise or fall; probably a rise or fall was missed
2023-11-30 23:26:39,187 [WARNING] Region from 49864 to 49866 is surrounded by rise or fall; probably a rise or fall was missed
2023-11-30 23:26:39,190 [WARNING] Region from 50988 to 51014 is surrounded by rise or fall; probably a rise or fall was missed
2023-11-30 23:26:39,192 [WARNING] Region from 51217 to 52011 is surrounded by rise or fall; probably a rise or fall was missed
2023-11-30 23:26:39,194 [WARNING] Region from 53306 to 53319 is surrounded by rise or fall; probably a rise or fall was missed
2023-11-30 23:26:39,195 [WARNING] Region from 53381 to 53427 is surrounded by rise or fall; probably a rise or fall was missed
2023-11-30 23:26:39,196 [WARNING] Region from 53639 to 53644 is surrounded by rise or fall; probably a rise or fall was missed
2023-11-30 23:26:39,198 [WARNING] Region from 53683 to 53685 is surrounded by rise or fall; probably a rise or fall was missed
2023-11-30 23:26:39,199 [WARNING] Region from 54374 to 54391 is surrounded by rise or fall; probably a rise or fall was missed
2023-11-30 23:26:39,200 [WARNING] Region from 54397 to 54405 is surrounded by rise or fall; probably a rise or fall was missed
2023-11-30 23:26:39,201 [WARNING] Region from 54549 to 54566 is surrounded by rise or fall; probably a rise or fall was missed
2023-11-30 23:26:39,204 [WARNING] Region from 56145 to 56148 is surrounded by rise or fall; probably a rise or fall was missed
2023-11-30 23:26:39,205 [WARNING] Region from 56259 to 56299 is surrounded by rise or fall; probably a rise or fall was missed
2023-11-30 23:26:39,206 [WARNING] Region from 56345 to 56399 is surrounded by rise or fall; probably a rise or fall was missed
2023-11-30 23:26:39,207 [WARNING] Region from 56416 to 56468 is surrounded by rise or fall; probably a rise or fall was missed
2023-11-30 23:26:39,208 [WARNING] Region from 56702 to 56749 is surrounded by rise or fall; probably a rise or fall was missed
2023-11-30 23:26:39,210 [WARNING] Region from 56765 to 56779 is surrounded by rise or fall; probably a rise or fall was missed
2023-11-30 23:26:39,212 [WARNING] Region from 57013 to 57025 is surrounded by rise or fall; probably a rise or fall was missed
2023-11-30 23:26:39,213 [WARNING] Region from 57050 to 57061 is surrounded by rise or fall; probably a rise or fall was missed
2023-11-30 23:26:39,214 [WARNING] Region from 57093 to 57366 is surrounded by rise or fall; probably a rise or fall was missed
2023-11-30 23:26:39,215 [WARNING] Region from 57373 to 57393 is surrounded by rise or fall; probably a rise or fall was missed
2023-11-30 23:26:39,217 [WARNING] Region from 57501 to 57530 is surrounded by rise or fall; probably a rise or fall was missed
2023-11-30 23:26:39,220 [WARNING] Region from 58154 to 58174 is surrounded by rise or fall; probably a rise or fall was missed
2023-11-30 23:26:39,222 [WARNING] Region from 58653 to 58671 is surrounded by rise or fall; probably a rise or fall was missed
2023-11-30 23:26:39,225 [WARNING] Region from 59671 to 59790 is surrounded by rise or fall; probably a rise or fall was missed
2023-11-30 23:26:39,226 [WARNING] Region from 59798 to 59808 is surrounded by rise or fall; probably a rise or fall was missed
2023-11-30 23:26:39,233 [WARNING] Region from 63505 to 63563 is surrounded by rise or fall; probably a rise or fall was missed
2023-11-30 23:26:39,235 [WARNING] Region from 63936 to 64056 is surrounded by rise or fall; probably a rise or fall was missed
2023-11-30 23:26:39,236 [WARNING] Region from 64072 to 64260 is surrounded by rise or fall; probably a rise or fall was missed
2023-11-30 23:26:39,238 [WARNING] Region from 64267 to 64301 is surrounded by rise or fall; probably a rise or fall was missed
2023-11-30 23:26:39,239 [WARNING] Region from 64915 to 64932 is surrounded by rise or fall; probably a rise or fall was missed
2023-11-30 23:26:39,247 [WARNING] Region from 71984 to 71991 is surrounded by rise or fall; probably a rise or fall was missed
2023-11-30 23:26:39,249 [WARNING] Region from 74234 to 74245 is surrounded by rise or fall; probably a rise or fall was missed
2023-11-30 23:26:39,251 [WARNING] Region from 74348 to 74406 is surrounded by rise or fall; probably a rise or fall was missed
2023-11-30 23:26:39,254 [WARNING] Region from 74722 to 74743 is surrounded by rise or fall; probably a rise or fall was missed
2023-11-30 23:26:39,256 [WARNING] Region from 75128 to 75141 is surrounded by rise or fall; probably a rise or fall was missed
2023-11-30 23:26:39,257 [WARNING] Region from 75226 to 75231 is surrounded by rise or fall; probably a rise or fall was missed
2023-11-30 23:26:39,258 [WARNING] Region from 75641 to 75654 is surrounded by rise or fall; probably a rise or fall was missed
2023-11-30 23:26:39,260 [WARNING] Region from 76542 to 76659 is surrounded by rise or fall; probably a rise or fall was missed
2023-11-30 23:26:39,262 [WARNING] Region from 78842 to 78843 is surrounded by rise or fall; probably a rise or fall was missed
2023-11-30 23:26:39,263 [WARNING] Region from 79169 to 79473 is surrounded by rise or fall; probably a rise or fall was missed
2023-11-30 23:26:39,264 [WARNING] Region from 79955 to 79963 is surrounded by rise or fall; probably a rise or fall was missed
2023-11-30 23:26:39,266 [WARNING] Region from 81271 to 81377 is surrounded by rise or fall; probably a rise or fall was missed
2023-11-30 23:26:39,270 [WARNING] Region from 82300 to 82314 is surrounded by rise or fall; probably a rise or fall was missed
2023-11-30 23:26:39,272 [WARNING] Region from 82648 to 82666 is surrounded by rise or fall; probably a rise or fall was missed
2023-11-30 23:26:39,274 [WARNING] Region from 84139 to 84258 is surrounded by rise or fall; probably a rise or fall was missed
2023-11-30 23:26:39,276 [WARNING] Region from 84978 to 85365 is surrounded by rise or fall; probably a rise or fall was missed
2023-11-30 23:26:39,276 [WARNING] Region from 85372 to 85388 is surrounded by rise or fall; probably a rise or fall was missed
2023-11-30 23:26:39,277 [WARNING] Region from 85507 to 85628 is surrounded by rise or fall; probably a rise or fall was missed
2023-11-30 23:26:39,347 [WARNING] The input vector was not mean subtracted; this may lead to incorrect results
2023-11-30 23:26:39,459 [WARNING] Region from 2323 to 2394 is surrounded by rise or fall; probably a rise or fall was missed
2023-11-30 23:26:39,462 [WARNING] Region from 2754 to 4674 is surrounded by rise or fall; probably a rise or fall was missed
2023-11-30 23:26:39,467 [WARNING] Region from 9338 to 9582 is surrounded by rise or fall; probably a rise or fall was missed
2023-11-30 23:26:39,478 [WARNING] Region from 16970 to 17624 is surrounded by rise or fall; probably a rise or fall was missed
2023-11-30 23:26:39,479 [WARNING] Region from 17639 to 17651 is surrounded by rise or fall; probably a rise or fall was missed
2023-11-30 23:26:39,485 [WARNING] Region from 18655 to 18720 is surrounded by rise or fall; probably a rise or fall was missed
2023-11-30 23:26:39,488 [WARNING] Region from 18948 to 19045 is surrounded by rise or fall; probably a rise or fall was missed
2023-11-30 23:26:39,490 [WARNING] Region from 19141 to 19192 is surrounded by rise or fall; probably a rise or fall was missed
2023-11-30 23:26:39,495 [WARNING] Region from 21155 to 21175 is surrounded by rise or fall; probably a rise or fall was missed
2023-11-30 23:26:39,496 [WARNING] Region from 21182 to 21322 is surrounded by rise or fall; probably a rise or fall was missed
2023-11-30 23:26:39,499 [WARNING] Region from 22840 to 22964 is surrounded by rise or fall; probably a rise or fall was missed
2023-11-30 23:26:39,502 [WARNING] Region from 23648 to 23702 is surrounded by rise or fall; probably a rise or fall was missed
2023-11-30 23:26:39,511 [WARNING] Region from 28791 to 30718 is surrounded by rise or fall; probably a rise or fall was missed
2023-11-30 23:26:39,513 [WARNING] Region from 30730 to 31801 is surrounded by rise or fall; probably a rise or fall was missed
2023-11-30 23:26:39,515 [WARNING] Region from 32707 to 32774 is surrounded by rise or fall; probably a rise or fall was missed
2023-11-30 23:26:39,527 [WARNING] Region from 39597 to 39656 is surrounded by rise or fall; probably a rise or fall was missed
2023-11-30 23:26:39,534 [WARNING] Region from 42271 to 42359 is surrounded by rise or fall; probably a rise or fall was missed
2023-11-30 23:26:39,537 [WARNING] Region from 42460 to 42462 is surrounded by rise or fall; probably a rise or fall was missed
2023-11-30 23:26:39,549 [WARNING] Region from 49202 to 49426 is surrounded by rise or fall; probably a rise or fall was missed
2023-11-30 23:26:39,557 [WARNING] Region from 52826 to 53197 is surrounded by rise or fall; probably a rise or fall was missed
2023-11-30 23:26:39,559 [WARNING] Region from 53372 to 53464 is surrounded by rise or fall; probably a rise or fall was missed
2023-11-30 23:26:39,559 [WARNING] Region from 53539 to 53556 is surrounded by rise or fall; probably a rise or fall was missed
2023-11-30 23:26:39,564 [WARNING] Region from 56448 to 56473 is surrounded by rise or fall; probably a rise or fall was missed
2023-11-30 23:26:39,577 [WARNING] Region from 63689 to 63749 is surrounded by rise or fall; probably a rise or fall was missed
2023-11-30 23:26:39,579 [WARNING] Region from 63990 to 64057 is surrounded by rise or fall; probably a rise or fall was missed
2023-11-30 23:26:39,586 [WARNING] Region from 67603 to 67622 is surrounded by rise or fall; probably a rise or fall was missed
2023-11-30 23:26:39,592 [WARNING] Region from 70481 to 70726 is surrounded by rise or fall; probably a rise or fall was missed
2023-11-30 23:26:39,595 [WARNING] Region from 73501 to 74138 is surrounded by rise or fall; probably a rise or fall was missed
2023-11-30 23:26:39,597 [WARNING] Region from 74404 to 74418 is surrounded by rise or fall; probably a rise or fall was missed
2023-11-30 23:26:39,599 [WARNING] Region from 74658 to 74675 is surrounded by rise or fall; probably a rise or fall was missed
2023-11-30 23:26:39,600 [WARNING] Region from 74683 to 74702 is surrounded by rise or fall; probably a rise or fall was missed
2023-11-30 23:26:39,605 [WARNING] Region from 76939 to 77105 is surrounded by rise or fall; probably a rise or fall was missed
2023-11-30 23:26:39,606 [WARNING] Region from 77116 to 77473 is surrounded by rise or fall; probably a rise or fall was missed
2023-11-30 23:26:39,612 [WARNING] Region from 81141 to 81214 is surrounded by rise or fall; probably a rise or fall was missed
2023-11-30 23:26:39,620 [WARNING] Region from 84738 to 84811 is surrounded by rise or fall; probably a rise or fall was missed
2023-11-30 23:26:39,622 [WARNING] Region from 85077 to 85173 is surrounded by rise or fall; probably a rise or fall was missed
2023-11-30 23:26:39,624 [WARNING] Region from 85561 to 85819 is surrounded by rise or fall; probably a rise or fall was missed
2023-11-30 23:26:39,626 [WARNING] Region from 86138 to 86299 is surrounded by rise or fall; probably a rise or fall was missed
2023-11-30 23:26:39,628 [WARNING] Region from 87589 to 87626 is surrounded by rise or fall; probably a rise or fall was missed
